Determining if the secure_getenv exist failed with the following output:
Change Dir: /home/stationone/Desktop/Singularitynet/attention/build/CMakeFiles/CMakeTmp

Run Build Command:"/usr/bin/gmake" "cmTC_012f1/fast"
/usr/bin/gmake -f CMakeFiles/cmTC_012f1.dir/build.make CMakeFiles/cmTC_012f1.dir/build
gmake[1]: Entering directory '/home/stationone/Desktop/Singularitynet/attention/build/CMakeFiles/CMakeTmp'
Building C object CMakeFiles/cmTC_012f1.dir/CheckSymbolExists.c.o
/usr/bin/cc   -Wall -fPIC -fstack-protector    -o CMakeFiles/cmTC_012f1.dir/CheckSymbolExists.c.o   -c /home/stationone/Desktop/Singularitynet/attention/build/CMakeFiles/CMakeTmp/CheckSymbolExists.c
/home/stationone/Desktop/Singularitynet/attention/build/CMakeFiles/CMakeTmp/CheckSymbolExists.c: In function ‘main’:
/home/stationone/Desktop/Singularitynet/attention/build/CMakeFiles/CMakeTmp/CheckSymbolExists.c:8:19: error: ‘secure_getenv’ undeclared (first use in this function)
    8 |   return ((int*)(&secure_getenv))[argc];
      |                   ^~~~~~~~~~~~~
/home/stationone/Desktop/Singularitynet/attention/build/CMakeFiles/CMakeTmp/CheckSymbolExists.c:8:19: note: each undeclared identifier is reported only once for each function it appears in
gmake[1]: *** [CMakeFiles/cmTC_012f1.dir/build.make:66: CMakeFiles/cmTC_012f1.dir/CheckSymbolExists.c.o] Error 1
gmake[1]: Leaving directory '/home/stationone/Desktop/Singularitynet/attention/build/CMakeFiles/CMakeTmp'
gmake: *** [Makefile:121: cmTC_012f1/fast] Error 2

File /home/stationone/Desktop/Singularitynet/attention/build/CMakeFiles/CMakeTmp/CheckSymbolExists.c:
/* */
#include <stdlib.h>

int main(int argc, char** argv)
{
  (void)argv;
#ifndef secure_getenv
  return ((int*)(&secure_getenv))[argc];
#else
  (void)argc;
  return 0;
#endif
}

